c:\users\mara dusevic\desktop\ipc_exercise\cdds_ipc_entityeditor\debug\vc142.pdb
c:\users\mara dusevic\desktop\ipc_exercise\cdds_ipc_entityeditor\debug\vc142.idb
c:\users\mara dusevic\desktop\ipc_exercise\cdds_ipc_entityeditor\debug\main.obj
c:\users\mara dusevic\desktop\ipc_exercise\cdds_ipc_entityeditor\debug\entityeditorapp.obj
c:\users\mara dusevic\desktop\ipc_exercise\bin\win32\debug\cdds_ipc_entityeditor.pdb
c:\users\mara dusevic\desktop\ipc_exercise\cdds_ipc_entityeditor\debug\cdds_ipc.a443de1a.tlog\cl.command.1.tlog
c:\users\mara dusevic\desktop\ipc_exercise\cdds_ipc_entityeditor\debug\cdds_ipc.a443de1a.tlog\cl.read.1.tlog
c:\users\mara dusevic\desktop\ipc_exercise\cdds_ipc_entityeditor\debug\cdds_ipc.a443de1a.tlog\cl.write.1.tlog
c:\users\mara dusevic\desktop\ipc_exercise\cdds_ipc_entityeditor\debug\cdds_ipc.a443de1a.tlog\link-cvtres.read.1.tlog
c:\users\mara dusevic\desktop\ipc_exercise\cdds_ipc_entityeditor\debug\cdds_ipc.a443de1a.tlog\link-cvtres.write.1.tlog
c:\users\mara dusevic\desktop\ipc_exercise\cdds_ipc_entityeditor\debug\cdds_ipc.a443de1a.tlog\link-rc.read.1.tlog
c:\users\mara dusevic\desktop\ipc_exercise\cdds_ipc_entityeditor\debug\cdds_ipc.a443de1a.tlog\link-rc.write.1.tlog
c:\users\mara dusevic\desktop\ipc_exercise\cdds_ipc_entityeditor\debug\cdds_ipc.a443de1a.tlog\link.6668-cvtres.read.1.tlog
c:\users\mara dusevic\desktop\ipc_exercise\cdds_ipc_entityeditor\debug\cdds_ipc.a443de1a.tlog\link.6668-cvtres.write.1.tlog
c:\users\mara dusevic\desktop\ipc_exercise\cdds_ipc_entityeditor\debug\cdds_ipc.a443de1a.tlog\link.6668-rc.read.1.tlog
c:\users\mara dusevic\desktop\ipc_exercise\cdds_ipc_entityeditor\debug\cdds_ipc.a443de1a.tlog\link.6668-rc.write.1.tlog
c:\users\mara dusevic\desktop\ipc_exercise\cdds_ipc_entityeditor\debug\cdds_ipc.a443de1a.tlog\link.6668.read.1.tlog
c:\users\mara dusevic\desktop\ipc_exercise\cdds_ipc_entityeditor\debug\cdds_ipc.a443de1a.tlog\link.6668.write.1.tlog
c:\users\mara dusevic\desktop\ipc_exercise\cdds_ipc_entityeditor\debug\cdds_ipc.a443de1a.tlog\link.command.1.tlog
c:\users\mara dusevic\desktop\ipc_exercise\cdds_ipc_entityeditor\debug\cdds_ipc.a443de1a.tlog\link.read.1.tlog
c:\users\mara dusevic\desktop\ipc_exercise\cdds_ipc_entityeditor\debug\cdds_ipc.a443de1a.tlog\link.write.1.tlog
