  LinkedList.cpp
C:\Users\Mara Dusevic\Desktop\CDDS-Assessment\Double-Linked_List\Double-Linked_List\LinkedList.h(10,13): warning C4099: 'Node': type name first seen using 'class' now seen using 'struct'
C:\Users\Mara Dusevic\Desktop\CDDS-Assessment\Double-Linked_List\Double-Linked_List\LinkedList.h(6): message : see declaration of 'Node'
C:\Users\Mara Dusevic\Desktop\CDDS-Assessment\Double-Linked_List\Double-Linked_List\LinkedList.h(11,13): warning C4099: 'Node': type name first seen using 'class' now seen using 'struct'
C:\Users\Mara Dusevic\Desktop\CDDS-Assessment\Double-Linked_List\Double-Linked_List\LinkedList.h(6): message : see declaration of 'Node'
C:\Users\Mara Dusevic\Desktop\CDDS-Assessment\Double-Linked_List\Double-Linked_List\LinkedList.cpp(15,12): warning C4099: 'Node': type name first seen using 'class' now seen using 'struct'
C:\Users\Mara Dusevic\Desktop\CDDS-Assessment\Double-Linked_List\Double-Linked_List\LinkedList.h(6): message : see declaration of 'Node'
C:\Users\Mara Dusevic\Desktop\CDDS-Assessment\Double-Linked_List\Double-Linked_List\LinkedList.cpp(16,12): warning C4099: 'Node': type name first seen using 'class' now seen using 'struct'
C:\Users\Mara Dusevic\Desktop\CDDS-Assessment\Double-Linked_List\Double-Linked_List\LinkedList.cpp(15): message : see declaration of 'Node'
  Main.cpp
C:\Users\Mara Dusevic\Desktop\CDDS-Assessment\Double-Linked_List\Double-Linked_List\LinkedList.h(10,13): warning C4099: 'Node': type name first seen using 'class' now seen using 'struct'
C:\Users\Mara Dusevic\Desktop\CDDS-Assessment\Double-Linked_List\Double-Linked_List\LinkedList.h(6): message : see declaration of 'Node'
C:\Users\Mara Dusevic\Desktop\CDDS-Assessment\Double-Linked_List\Double-Linked_List\LinkedList.h(11,13): warning C4099: 'Node': type name first seen using 'class' now seen using 'struct'
C:\Users\Mara Dusevic\Desktop\CDDS-Assessment\Double-Linked_List\Double-Linked_List\LinkedList.h(6): message : see declaration of 'Node'
  Generating code
  34 of 45 functions (75.6%) were compiled, the rest were copied from previous compilation.
    30 functions were new in current compilation
    3 functions had inline decision re-evaluated but remain unchanged
  Finished generating code
  Double-Linked_List.vcxproj -> C:\Users\Mara Dusevic\Desktop\CDDS-Assessment\Double-Linked_List\Release\Double-Linked_List.exe
